<?xml version="1.0" encoding="UTF-8"?>
<!-- Generated by org.testng.reporters.JUnitXMLReporter -->
<testsuite ignored="1" hostname="DESKTOP-H5CHME6" failures="0" tests="2" name="Test" time="86.278" errors="0" timestamp="2023-11-08T16:28:08 IST">
  <testcase classname="TestCases.T002_home_page" name="@AfterTest Closebrowser" time="0.006">
    <failure type="org.openqa.selenium.NoSuchSessionException" message="Session ID is null. Using WebDriver after calling quit()?
Build info: version: &amp;apos;3.8.0&amp;apos;, revision: &amp;apos;924c4067df&amp;apos;, time: &amp;apos;2017-11-30T11:20:39.408Z&amp;apos;
System info: host: &amp;apos;DESKTOP-H5CHME6&amp;apos;, ip: &amp;apos;192.168.0.10&amp;apos;, os.name: &amp;apos;Windows 10&amp;apos;, os.arch: &amp;apos;amd64&amp;apos;, os.version: &amp;apos;10.0&amp;apos;, java.version: &amp;apos;18.0.2.1&amp;apos;
Driver info: driver.version: RemoteWebDriver">
      <![CDATA[org.openqa.selenium.NoSuchSessionException: Session ID is null. Using WebDriver after calling quit()?
Build info: version: '3.8.0', revision: '924c4067df', time: '2017-11-30T11:20:39.408Z'
System info: host: 'DESKTOP-H5CHME6', ip: '192.168.0.10', os.name: 'Windows 10', os.arch: 'amd64', os.version: '10.0', java.version: '18.0.2.1'
Driver info: driver.version: RemoteWebDriver
at org.openqa.selenium.remote.HttpCommandExecutor.execute(HttpCommandExecutor.java:131)
at org.openqa.selenium.remote.service.DriverCommandExecutor.execute(DriverCommandExecutor.java:83)
at org.openqa.selenium.remote.RemoteWebDriver.execute(RemoteWebDriver.java:601)
at org.openqa.selenium.remote.RemoteWebDriver.execute(RemoteWebDriver.java:658)
at org.openqa.selenium.remote.RemoteWebDriver.getScreenshotAs(RemoteWebDriver.java:343)
at TestCases.T002_home_page.Closebrowser(T002_home_page.java:54)
... Removed 22 stack frames]]>
    </failure>
  </testcase> <!-- @AfterTest Closebrowser -->
  <testcase classname="TestCases.T001_login_page" name="Validate" time="7.249"/>
  <testcase classname="TestCases.T002_home_page" name="Validate" time="7.635"/>
  <testcase classname="Base.TestBase" name="@BeforeSuite CreateDir" time="0.0">
    <ignored/>
  </testcase> <!-- @BeforeSuite CreateDir -->
</testsuite> <!-- Test -->
