<?xml version="1.0" encoding="UTF-8"?>
<!-- Generated by org.testng.reporters.JUnitXMLReporter -->
<testsuite ignored="1" hostname="DESKTOP-H5CHME6" failures="0" tests="2" name="Test" time="67.35" errors="0" timestamp="2023-11-21T20:07:53 IST">
  <testcase classname="TestCases.T001_login_page" name="Validate" time="7.19"/>
  <testcase classname="TestCases.T002_home_page" name="Validate" time="4.816"/>
  <testcase classname="Base.TestBase" name="@BeforeSuite CreateDir" time="0.0">
    <ignored/>
  </testcase> <!-- @BeforeSuite CreateDir -->
</testsuite> <!-- Test -->
