<?xml version="1.0" encoding="UTF-8"?>
<testng-results ignored="1" total="3" passed="2" failed="0" skipped="0">
  <reporter-output>
  </reporter-output>
  <suite started-at="2023-11-21T20:06:46 IST" name="Suite" finished-at="2023-11-21T20:07:53 IST" duration-ms="67350">
    <groups>
    </groups>
    <test started-at="2023-11-21T20:06:46 IST" name="Test" finished-at="2023-11-21T20:07:53 IST" duration-ms="67350">
      <class name="TestCases.T002_home_page">
        <test-method is-config="true" signature="setupReport()[pri:0, instance:TestCases.T002_home_page@51a9ad5e]" started-at="2023-11-21T20:07:20 IST" name="setupReport" finished-at="2023-11-21T20:07:20 IST" duration-ms="5" status="PASS">
          <reporter-output>
          </reporter-output>
        </test-method> <!-- setupReport -->
        <test-method is-config="true" signature="launchBrowser()[pri:0, instance:TestCases.T002_home_page@51a9ad5e]" started-at="2023-11-21T20:07:20 IST" name="launchBrowser" finished-at="2023-11-21T20:07:46 IST" duration-ms="25923" status="PASS">
          <reporter-output>
          </reporter-output>
        </test-method> <!-- launchBrowser -->
        <test-method is-config="true" signature="register(java.lang.reflect.Method)[pri:0, instance:TestCases.T002_home_page@51a9ad5e]" started-at="2023-11-21T20:07:46 IST" name="register" finished-at="2023-11-21T20:07:46 IST" duration-ms="1" status="PASS">
          <params>
            <param index="0">
              <value>
                <![CDATA[public void TestCases.T002_home_page.Validate() throws java.io.IOException]]>
              </value>
            </param>
          </params>
          <reporter-output>
          </reporter-output>
        </test-method> <!-- register -->
        <test-method signature="Validate()[pri:0, instance:TestCases.T002_home_page@51a9ad5e]" started-at="2023-11-21T20:07:46 IST" name="Validate" description="This is Home page validate" finished-at="2023-11-21T20:07:51 IST" duration-ms="4816" status="PASS">
          <reporter-output>
          </reporter-output>
        </test-method> <!-- Validate -->
        <test-method is-config="true" signature="getResult(org.testng.ITestResult)[pri:0, instance:TestCases.T002_home_page@51a9ad5e]" started-at="2023-11-21T20:07:51 IST" name="getResult" finished-at="2023-11-21T20:07:52 IST" duration-ms="539" status="PASS">
          <params>
            <param index="0">
              <value>
                <![CDATA[[TestResult name=Validate status=SUCCESS method=T002_home_page.Validate()[pri:0, instance:TestCases.T002_home_page@51a9ad5e] output={null}]]]>
              </value>
            </param>
          </params>
          <reporter-output>
          </reporter-output>
        </test-method> <!-- getResult -->
        <test-method is-config="true" signature="tearDown()[pri:0, instance:TestCases.T002_home_page@51a9ad5e]" started-at="2023-11-21T20:07:52 IST" name="tearDown" finished-at="2023-11-21T20:07:53 IST" duration-ms="1489" status="PASS">
          <reporter-output>
          </reporter-output>
        </test-method> <!-- tearDown -->
      </class> <!-- TestCases.T002_home_page -->
      <class name="TestCases.T001_login_page">
        <test-method is-config="true" signature="CreateDir()[pri:0, instance:TestCases.T001_login_page@48b67364]" started-at="2023-11-21T20:06:46 IST" name="CreateDir" finished-at="2023-11-21T20:06:46 IST" duration-ms="35" status="PASS">
          <reporter-output>
          </reporter-output>
        </test-method> <!-- CreateDir -->
        <test-method is-config="true" signature="setupReport()[pri:0, instance:TestCases.T001_login_page@48b67364]" started-at="2023-11-21T20:06:46 IST" name="setupReport" finished-at="2023-11-21T20:06:46 IST" duration-ms="381" status="PASS">
          <reporter-output>
          </reporter-output>
        </test-method> <!-- setupReport -->
        <test-method is-config="true" signature="launchBrowser()[pri:0, instance:TestCases.T001_login_page@48b67364]" started-at="2023-11-21T20:06:46 IST" name="launchBrowser" finished-at="2023-11-21T20:07:10 IST" duration-ms="23555" status="PASS">
          <reporter-output>
          </reporter-output>
        </test-method> <!-- launchBrowser -->
        <test-method is-config="true" signature="register(java.lang.reflect.Method)[pri:0, instance:TestCases.T001_login_page@48b67364]" started-at="2023-11-21T20:07:10 IST" name="register" finished-at="2023-11-21T20:07:10 IST" duration-ms="73" status="PASS">
          <params>
            <param index="0">
              <value>
                <![CDATA[public void TestCases.T001_login_page.Validate() throws java.io.IOException]]>
              </value>
            </param>
          </params>
          <reporter-output>
          </reporter-output>
        </test-method> <!-- register -->
        <test-method signature="Validate()[pri:0, instance:TestCases.T001_login_page@48b67364]" started-at="2023-11-21T20:07:10 IST" name="Validate" description="This is login validate" finished-at="2023-11-21T20:07:18 IST" duration-ms="7190" status="PASS">
          <reporter-output>
          </reporter-output>
        </test-method> <!-- Validate -->
        <test-method is-config="true" signature="getResult(org.testng.ITestResult)[pri:0, instance:TestCases.T001_login_page@48b67364]" started-at="2023-11-21T20:07:18 IST" name="getResult" finished-at="2023-11-21T20:07:19 IST" duration-ms="1686" status="PASS">
          <params>
            <param index="0">
              <value>
                <![CDATA[[TestResult name=Validate status=SUCCESS method=T001_login_page.Validate()[pri:0, instance:TestCases.T001_login_page@48b67364] output={null}]]]>
              </value>
            </param>
          </params>
          <reporter-output>
          </reporter-output>
        </test-method> <!-- getResult -->
        <test-method is-config="true" signature="tearDown()[pri:0, instance:TestCases.T001_login_page@48b67364]" started-at="2023-11-21T20:07:19 IST" name="tearDown" finished-at="2023-11-21T20:07:20 IST" duration-ms="675" status="PASS">
          <reporter-output>
          </reporter-output>
        </test-method> <!-- tearDown -->
        <test-method is-config="true" signature="Closebrowser()[pri:0, instance:TestCases.T001_login_page@48b67364]" started-at="2023-11-21T20:07:53 IST" name="Closebrowser" finished-at="2023-11-21T20:07:53 IST" duration-ms="1" status="PASS">
          <reporter-output>
          </reporter-output>
        </test-method> <!-- Closebrowser -->
      </class> <!-- TestCases.T001_login_page -->
    </test> <!-- Test -->
  </suite> <!-- Suite -->
</testng-results>
